running egg_info
writing ../../build/motor_driver/motor_driver.egg-info/PKG-INFO
writing dependency_links to ../../build/motor_driver/motor_driver.egg-info/dependency_links.txt
writing entry points to ../../build/motor_driver/motor_driver.egg-info/entry_points.txt
writing requirements to ../../build/motor_driver/motor_driver.egg-info/requires.txt
writing top-level names to ../../build/motor_driver/motor_driver.egg-info/top_level.txt
reading manifest file '../../build/motor_driver/motor_driver.egg-info/SOURCES.txt'
writing manifest file '../../build/motor_driver/motor_driver.egg-info/SOURCES.txt'
running build
running build_py
running install
running install_lib
running install_data
creating /home/ivan/ros_rover/install/motor_driver/share/motor_driver/launch
copying launch/robot_launch.py -> /home/ivan/ros_rover/install/motor_driver/share/motor_driver/launch
running install_egg_info
removing '/home/ivan/ros_rover/install/motor_driver/lib/python3.10/site-packages/motor_driver-0.0.0-py3.10.egg-info' (and everything under it)
Copying ../../build/motor_driver/motor_driver.egg-info to /home/ivan/ros_rover/install/motor_driver/lib/python3.10/site-packages/motor_driver-0.0.0-py3.10.egg-info
running install_scripts
Installing motor_driver script to /home/ivan/ros_rover/install/motor_driver/lib/motor_driver
writing list of installed files to '/home/ivan/ros_rover/build/motor_driver/install.log'
