[0.495s] DEBUG:colcon:Command line arguments: ['/usr/bin/colcon', 'build']
[0.496s] DEBUG:colcon:Parsed command line arguments: Namespace(log_base=None, log_level=None, verb_name='build', build_base='build', install_base='install', merge_install=False, symlink_install=False, test_result_base=None, continue_on_error=False, executor='parallel', parallel_workers=4, event_handlers=None, ignore_user_meta=False, metas=['./colcon.meta'], base_paths=['.'], packages_ignore=None, packages_ignore_regex=None, paths=None, packages_up_to=None, packages_up_to_regex=None, packages_above=None, packages_above_and_dependencies=None, packages_above_depth=None, packages_select_by_dep=None, packages_skip_by_dep=None, packages_skip_up_to=None, packages_select_build_failed=False, packages_skip_build_finished=False, packages_select_test_failures=False, packages_skip_test_passed=False, packages_select=None, packages_skip=None, packages_select_regex=None, packages_skip_regex=None, packages_start=None, packages_end=None, allow_overriding=[], cmake_args=None, cmake_target=None, cmake_target_skip_unavailable=False, cmake_clean_cache=False, cmake_clean_first=False, cmake_force_configure=False, ament_cmake_args=None, catkin_cmake_args=None, catkin_skip_building_tests=False, verb_parser=<colcon_defaults.argument_parser.defaults.DefaultArgumentsDecorator object at 0xffff8f10fc70>, verb_extension=<colcon_core.verb.build.BuildVerb object at 0xffff8f044850>, main=<bound method BuildVerb.main of <colcon_core.verb.build.BuildVerb object at 0xffff8f044850>>)
[1.378s] Level 1:colcon.colcon_core.package_discovery:discover_packages(colcon_meta) check parameters
[1.379s] Level 1:colcon.colcon_core.package_discovery:discover_packages(recursive) check parameters
[1.379s] Level 1:colcon.colcon_core.package_discovery:discover_packages(ignore) check parameters
[1.379s] Level 1:colcon.colcon_core.package_discovery:discover_packages(path) check parameters
[1.380s] Level 1:colcon.colcon_core.package_discovery:discover_packages(colcon_meta) discover
[1.380s] Level 1:colcon.colcon_core.package_discovery:discover_packages(recursive) discover
[1.380s] INFO:colcon.colcon_core.package_discovery:Crawling recursively for packages in '/home/ivan/ros_rover'
[1.381s] Level 1:colcon.colcon_core.package_identification:_identify(.) by extensions ['ignore', 'ignore_ament_install']
[1.381s] Level 1:colcon.colcon_core.package_identification:_identify(.) by extension 'ignore'
[1.381s] Level 1:colcon.colcon_core.package_identification:_identify(.) by extension 'ignore_ament_install'
[1.382s] Level 1:colcon.colcon_core.package_identification:_identify(.) by extensions ['colcon_pkg']
[1.382s] Level 1:colcon.colcon_core.package_identification:_identify(.) by extension 'colcon_pkg'
[1.382s] Level 1:colcon.colcon_core.package_identification:_identify(.) by extensions ['colcon_meta']
[1.382s] Level 1:colcon.colcon_core.package_identification:_identify(.) by extension 'colcon_meta'
[1.382s] Level 1:colcon.colcon_core.package_identification:_identify(.) by extensions ['ros']
[1.383s] Level 1:colcon.colcon_core.package_identification:_identify(.) by extension 'ros'
[1.435s] Level 1:colcon.colcon_core.package_identification:_identify(.) by extensions ['cmake', 'python']
[1.435s] Level 1:colcon.colcon_core.package_identification:_identify(.) by extension 'cmake'
[1.435s] Level 1:colcon.colcon_core.package_identification:_identify(.) by extension 'python'
[1.436s] Level 1:colcon.colcon_core.package_identification:_identify(.) by extensions ['python_setup_py']
[1.436s] Level 1:colcon.colcon_core.package_identification:_identify(.) by extension 'python_setup_py'
[1.436s] Level 1:colcon.colcon_core.package_identification:_identify(build) by extensions ['ignore', 'ignore_ament_install']
[1.437s] Level 1:colcon.colcon_core.package_identification:_identify(build) by extension 'ignore'
[1.437s] Level 1:colcon.colcon_core.package_identification:_identify(build) ignored
[1.438s] Level 1:colcon.colcon_core.package_identification:_identify(install) by extensions ['ignore', 'ignore_ament_install']
[1.438s] Level 1:colcon.colcon_core.package_identification:_identify(install) by extension 'ignore'
[1.439s] Level 1:colcon.colcon_core.package_identification:_identify(install) ignored
[1.439s] Level 1:colcon.colcon_core.package_identification:_identify(log) by extensions ['ignore', 'ignore_ament_install']
[1.440s] Level 1:colcon.colcon_core.package_identification:_identify(log) by extension 'ignore'
[1.440s] Level 1:colcon.colcon_core.package_identification:_identify(log) ignored
[1.440s] Level 1:colcon.colcon_core.package_identification:_identify(src) by extensions ['ignore', 'ignore_ament_install']
[1.441s] Level 1:colcon.colcon_core.package_identification:_identify(src) by extension 'ignore'
[1.441s] Level 1:colcon.colcon_core.package_identification:_identify(src) by extension 'ignore_ament_install'
[1.441s] Level 1:colcon.colcon_core.package_identification:_identify(src) by extensions ['colcon_pkg']
[1.441s] Level 1:colcon.colcon_core.package_identification:_identify(src) by extension 'colcon_pkg'
[1.442s] Level 1:colcon.colcon_core.package_identification:_identify(src) by extensions ['colcon_meta']
[1.442s] Level 1:colcon.colcon_core.package_identification:_identify(src) by extension 'colcon_meta'
[1.442s] Level 1:colcon.colcon_core.package_identification:_identify(src) by extensions ['ros']
[1.442s] Level 1:colcon.colcon_core.package_identification:_identify(src) by extension 'ros'
[1.442s] Level 1:colcon.colcon_core.package_identification:_identify(src) by extensions ['cmake', 'python']
[1.443s] Level 1:colcon.colcon_core.package_identification:_identify(src) by extension 'cmake'
[1.443s] Level 1:colcon.colcon_core.package_identification:_identify(src) by extension 'python'
[1.443s] Level 1:colcon.colcon_core.package_identification:_identify(src) by extensions ['python_setup_py']
[1.443s] Level 1:colcon.colcon_core.package_identification:_identify(src) by extension 'python_setup_py'
[1.444s] Level 1:colcon.colcon_core.package_identification:_identify(src/encoder_publisher) by extensions ['ignore', 'ignore_ament_install']
[1.444s] Level 1:colcon.colcon_core.package_identification:_identify(src/encoder_publisher) by extension 'ignore'
[1.444s] Level 1:colcon.colcon_core.package_identification:_identify(src/encoder_publisher) by extension 'ignore_ament_install'
[1.445s] Level 1:colcon.colcon_core.package_identification:_identify(src/encoder_publisher) by extensions ['colcon_pkg']
[1.445s] Level 1:colcon.colcon_core.package_identification:_identify(src/encoder_publisher) by extension 'colcon_pkg'
[1.445s] Level 1:colcon.colcon_core.package_identification:_identify(src/encoder_publisher) by extensions ['colcon_meta']
[1.445s] Level 1:colcon.colcon_core.package_identification:_identify(src/encoder_publisher) by extension 'colcon_meta'
[1.445s] Level 1:colcon.colcon_core.package_identification:_identify(src/encoder_publisher) by extensions ['ros']
[1.446s] Level 1:colcon.colcon_core.package_identification:_identify(src/encoder_publisher) by extension 'ros'
[1.456s] DEBUG:colcon.colcon_core.package_identification:Package 'src/encoder_publisher' with type 'ros.ament_python' and name 'encoder_publisher'
[1.457s] Level 1:colcon.colcon_core.package_identification:_identify(src/motor_driver) by extensions ['ignore', 'ignore_ament_install']
[1.458s] Level 1:colcon.colcon_core.package_identification:_identify(src/motor_driver) by extension 'ignore'
[1.458s] Level 1:colcon.colcon_core.package_identification:_identify(src/motor_driver) by extension 'ignore_ament_install'
[1.459s] Level 1:colcon.colcon_core.package_identification:_identify(src/motor_driver) by extensions ['colcon_pkg']
[1.459s] Level 1:colcon.colcon_core.package_identification:_identify(src/motor_driver) by extension 'colcon_pkg'
[1.459s] Level 1:colcon.colcon_core.package_identification:_identify(src/motor_driver) by extensions ['colcon_meta']
[1.459s] Level 1:colcon.colcon_core.package_identification:_identify(src/motor_driver) by extension 'colcon_meta'
[1.459s] Level 1:colcon.colcon_core.package_identification:_identify(src/motor_driver) by extensions ['ros']
[1.459s] Level 1:colcon.colcon_core.package_identification:_identify(src/motor_driver) by extension 'ros'
[1.462s] DEBUG:colcon.colcon_core.package_identification:Package 'src/motor_driver' with type 'ros.ament_python' and name 'motor_driver'
[1.463s] Level 1:colcon.colcon_core.package_discovery:discover_packages(recursive) using defaults
[1.463s] Level 1:colcon.colcon_core.package_discovery:discover_packages(ignore) discover
[1.463s] Level 1:colcon.colcon_core.package_discovery:discover_packages(ignore) using defaults
[1.463s] Level 1:colcon.colcon_core.package_discovery:discover_packages(path) discover
[1.463s] Level 1:colcon.colcon_core.package_discovery:discover_packages(path) using defaults
[1.547s] Level 1:colcon.colcon_core.package_discovery:discover_packages(prefix_path) check parameters
[1.548s] Level 1:colcon.colcon_core.package_discovery:discover_packages(prefix_path) discover
[1.564s] DEBUG:colcon.colcon_installed_package_information.package_discovery:Found 268 installed packages in /opt/ros/humble
[1.575s] Level 1:colcon.colcon_core.package_discovery:discover_packages(prefix_path) using defaults
[1.808s] Level 5:colcon.colcon_core.verb:set package 'encoder_publisher' build argument 'cmake_args' from command line to 'None'
[1.809s] Level 5:colcon.colcon_core.verb:set package 'encoder_publisher' build argument 'cmake_target' from command line to 'None'
[1.809s] Level 5:colcon.colcon_core.verb:set package 'encoder_publisher' build argument 'cmake_target_skip_unavailable' from command line to 'False'
[1.809s] Level 5:colcon.colcon_core.verb:set package 'encoder_publisher' build argument 'cmake_clean_cache' from command line to 'False'
[1.809s] Level 5:colcon.colcon_core.verb:set package 'encoder_publisher' build argument 'cmake_clean_first' from command line to 'False'
[1.809s] Level 5:colcon.colcon_core.verb:set package 'encoder_publisher' build argument 'cmake_force_configure' from command line to 'False'
[1.810s] Level 5:colcon.colcon_core.verb:set package 'encoder_publisher' build argument 'ament_cmake_args' from command line to 'None'
[1.810s] Level 5:colcon.colcon_core.verb:set package 'encoder_publisher' build argument 'catkin_cmake_args' from command line to 'None'
[1.810s] Level 5:colcon.colcon_core.verb:set package 'encoder_publisher' build argument 'catkin_skip_building_tests' from command line to 'False'
[1.810s] DEBUG:colcon.colcon_core.verb:Building package 'encoder_publisher' with the following arguments: {'ament_cmake_args': None, 'build_base': '/home/ivan/ros_rover/build/encoder_publisher', 'catkin_cmake_args': None, 'catkin_skip_building_tests': False, 'cmake_args': None, 'cmake_clean_cache': False, 'cmake_clean_first': False, 'cmake_force_configure': False, 'cmake_target': None, 'cmake_target_skip_unavailable': False, 'install_base': '/home/ivan/ros_rover/install/encoder_publisher', 'merge_install': False, 'path': '/home/ivan/ros_rover/src/encoder_publisher', 'symlink_install': False, 'test_result_base': None}
[1.812s] Level 5:colcon.colcon_core.verb:set package 'motor_driver' build argument 'cmake_args' from command line to 'None'
[1.812s] Level 5:colcon.colcon_core.verb:set package 'motor_driver' build argument 'cmake_target' from command line to 'None'
[1.812s] Level 5:colcon.colcon_core.verb:set package 'motor_driver' build argument 'cmake_target_skip_unavailable' from command line to 'False'
[1.812s] Level 5:colcon.colcon_core.verb:set package 'motor_driver' build argument 'cmake_clean_cache' from command line to 'False'
[1.812s] Level 5:colcon.colcon_core.verb:set package 'motor_driver' build argument 'cmake_clean_first' from command line to 'False'
[1.812s] Level 5:colcon.colcon_core.verb:set package 'motor_driver' build argument 'cmake_force_configure' from command line to 'False'
[1.813s] Level 5:colcon.colcon_core.verb:set package 'motor_driver' build argument 'ament_cmake_args' from command line to 'None'
[1.813s] Level 5:colcon.colcon_core.verb:set package 'motor_driver' build argument 'catkin_cmake_args' from command line to 'None'
[1.813s] Level 5:colcon.colcon_core.verb:set package 'motor_driver' build argument 'catkin_skip_building_tests' from command line to 'False'
[1.813s] DEBUG:colcon.colcon_core.verb:Building package 'motor_driver' with the following arguments: {'ament_cmake_args': None, 'build_base': '/home/ivan/ros_rover/build/motor_driver', 'catkin_cmake_args': None, 'catkin_skip_building_tests': False, 'cmake_args': None, 'cmake_clean_cache': False, 'cmake_clean_first': False, 'cmake_force_configure': False, 'cmake_target': None, 'cmake_target_skip_unavailable': False, 'install_base': '/home/ivan/ros_rover/install/motor_driver', 'merge_install': False, 'path': '/home/ivan/ros_rover/src/motor_driver', 'symlink_install': False, 'test_result_base': None}
[1.814s] INFO:colcon.colcon_core.executor:Executing jobs using 'parallel' executor
[1.817s] DEBUG:colcon.colcon_parallel_executor.executor.parallel:run_until_complete
[1.818s] INFO:colcon.colcon_ros.task.ament_python.build:Building ROS package in '/home/ivan/ros_rover/src/encoder_publisher' with build type 'ament_python'
[1.819s] Level 1:colcon.colcon_core.shell:create_environment_hook('encoder_publisher', 'ament_prefix_path')
[1.829s] INFO:colcon.colcon_core.plugin_system:Skipping extension 'colcon_core.shell.bat': Not used on non-Windows systems
[1.831s] INFO:colcon.colcon_core.shell:Creating environment hook '/home/ivan/ros_rover/install/encoder_publisher/share/encoder_publisher/hook/ament_prefix_path.ps1'
[1.834s] INFO:colcon.colcon_core.shell:Creating environment descriptor '/home/ivan/ros_rover/install/encoder_publisher/share/encoder_publisher/hook/ament_prefix_path.dsv'
[1.836s] INFO:colcon.colcon_core.shell:Creating environment hook '/home/ivan/ros_rover/install/encoder_publisher/share/encoder_publisher/hook/ament_prefix_path.sh'
[1.840s] INFO:colcon.colcon_core.shell:Skip shell extension 'powershell' for command environment: Not usable outside of PowerShell
[1.840s] DEBUG:colcon.colcon_core.shell:Skip shell extension 'dsv' for command environment
[1.858s] INFO:colcon.colcon_ros.task.ament_python.build:Building ROS package in '/home/ivan/ros_rover/src/motor_driver' with build type 'ament_python'
[1.858s] Level 1:colcon.colcon_core.shell:create_environment_hook('motor_driver', 'ament_prefix_path')
[1.860s] INFO:colcon.colcon_core.shell:Creating environment hook '/home/ivan/ros_rover/install/motor_driver/share/motor_driver/hook/ament_prefix_path.ps1'
[1.862s] INFO:colcon.colcon_core.shell:Creating environment descriptor '/home/ivan/ros_rover/install/motor_driver/share/motor_driver/hook/ament_prefix_path.dsv'
[1.864s] INFO:colcon.colcon_core.shell:Creating environment hook '/home/ivan/ros_rover/install/motor_driver/share/motor_driver/hook/ament_prefix_path.sh'
[1.868s] INFO:colcon.colcon_core.shell:Skip shell extension 'powershell' for command environment: Not usable outside of PowerShell
[1.868s] DEBUG:colcon.colcon_core.shell:Skip shell extension 'dsv' for command environment
[3.173s] INFO:colcon.colcon_core.task.python.build:Building Python package in '/home/ivan/ros_rover/src/encoder_publisher'
[3.175s] INFO:colcon.colcon_core.shell:Skip shell extension 'powershell' for command environment: Not usable outside of PowerShell
[3.175s] DEBUG:colcon.colcon_core.shell:Skip shell extension 'dsv' for command environment
[4.508s] INFO:colcon.colcon_core.task.python.build:Building Python package in '/home/ivan/ros_rover/src/motor_driver'
[4.509s] INFO:colcon.colcon_core.shell:Skip shell extension 'powershell' for command environment: Not usable outside of PowerShell
[4.510s] DEBUG:colcon.colcon_core.shell:Skip shell extension 'dsv' for command environment
[6.419s] DEBUG:colcon.colcon_core.event_handler.log_command:Invoking command in '/home/ivan/ros_rover/src/motor_driver': PYTHONPATH=/home/ivan/ros_rover/build/motor_driver/prefix_override:/home/ivan/ros_rover/install/motor_driver/lib/python3.10/site-packages:${PYTHONPATH} /usr/bin/python3 -W ignore:setup.py install is deprecated setup.py egg_info --egg-base ../../build/motor_driver build --build-base /home/ivan/ros_rover/build/motor_driver/build install --record /home/ivan/ros_rover/build/motor_driver/install.log --single-version-externally-managed install_data
[6.437s] DEBUG:colcon.colcon_core.event_handler.log_command:Invoking command in '/home/ivan/ros_rover/src/encoder_publisher': PYTHONPATH=/home/ivan/ros_rover/build/encoder_publisher/prefix_override:/home/ivan/ros_rover/install/encoder_publisher/lib/python3.10/site-packages:${PYTHONPATH} /usr/bin/python3 -W ignore:setup.py install is deprecated setup.py egg_info --egg-base ../../build/encoder_publisher build --build-base /home/ivan/ros_rover/build/encoder_publisher/build install --record /home/ivan/ros_rover/build/encoder_publisher/install.log --single-version-externally-managed install_data
[8.073s] DEBUG:colcon.colcon_core.event_handler.log_command:Invoked command in '/home/ivan/ros_rover/src/motor_driver' returned '0': PYTHONPATH=/home/ivan/ros_rover/build/motor_driver/prefix_override:/home/ivan/ros_rover/install/motor_driver/lib/python3.10/site-packages:${PYTHONPATH} /usr/bin/python3 -W ignore:setup.py install is deprecated setup.py egg_info --egg-base ../../build/motor_driver build --build-base /home/ivan/ros_rover/build/motor_driver/build install --record /home/ivan/ros_rover/build/motor_driver/install.log --single-version-externally-managed install_data
[8.092s] Level 1:colcon.colcon_core.environment:checking '/home/ivan/ros_rover/install/motor_driver' for CMake module files
[8.097s] Level 1:colcon.colcon_core.environment:checking '/home/ivan/ros_rover/install/motor_driver' for CMake config files
[8.105s] Level 1:colcon.colcon_core.environment:checking '/home/ivan/ros_rover/install/motor_driver/lib'
[8.107s] Level 1:colcon.colcon_core.environment:checking '/home/ivan/ros_rover/install/motor_driver/bin'
[8.108s] Level 1:colcon.colcon_core.environment:checking '/home/ivan/ros_rover/install/motor_driver/lib/pkgconfig/motor_driver.pc'
[8.111s] Level 1:colcon.colcon_core.environment:checking '/home/ivan/ros_rover/install/motor_driver/lib/python3.10/site-packages'
[8.112s] Level 1:colcon.colcon_core.shell:create_environment_hook('motor_driver', 'pythonpath')
[8.124s] INFO:colcon.colcon_core.shell:Creating environment hook '/home/ivan/ros_rover/install/motor_driver/share/motor_driver/hook/pythonpath.ps1'
[8.127s] INFO:colcon.colcon_core.shell:Creating environment descriptor '/home/ivan/ros_rover/install/motor_driver/share/motor_driver/hook/pythonpath.dsv'
[8.138s] INFO:colcon.colcon_core.shell:Creating environment hook '/home/ivan/ros_rover/install/motor_driver/share/motor_driver/hook/pythonpath.sh'
[8.145s] Level 1:colcon.colcon_core.environment:checking '/home/ivan/ros_rover/install/motor_driver/bin'
[8.146s] Level 1:colcon.colcon_core.environment:create_environment_scripts_only(motor_driver)
[8.149s] INFO:colcon.colcon_core.shell:Creating package script '/home/ivan/ros_rover/install/motor_driver/share/motor_driver/package.ps1'
[8.154s] INFO:colcon.colcon_core.shell:Creating package descriptor '/home/ivan/ros_rover/install/motor_driver/share/motor_driver/package.dsv'
[8.158s] INFO:colcon.colcon_core.shell:Creating package script '/home/ivan/ros_rover/install/motor_driver/share/motor_driver/package.sh'
[8.163s] INFO:colcon.colcon_core.shell:Creating package script '/home/ivan/ros_rover/install/motor_driver/share/motor_driver/package.bash'
[8.167s] INFO:colcon.colcon_core.shell:Creating package script '/home/ivan/ros_rover/install/motor_driver/share/motor_driver/package.zsh'
[8.172s] Level 1:colcon.colcon_core.environment:create_file_with_runtime_dependencies(/home/ivan/ros_rover/install/motor_driver/share/colcon-core/packages/motor_driver)
[8.178s] Level 1:colcon.colcon_core.environment:checking '/home/ivan/ros_rover/install/encoder_publisher' for CMake module files
[8.184s] DEBUG:colcon.colcon_core.event_handler.log_command:Invoked command in '/home/ivan/ros_rover/src/encoder_publisher' returned '0': PYTHONPATH=/home/ivan/ros_rover/build/encoder_publisher/prefix_override:/home/ivan/ros_rover/install/encoder_publisher/lib/python3.10/site-packages:${PYTHONPATH} /usr/bin/python3 -W ignore:setup.py install is deprecated setup.py egg_info --egg-base ../../build/encoder_publisher build --build-base /home/ivan/ros_rover/build/encoder_publisher/build install --record /home/ivan/ros_rover/build/encoder_publisher/install.log --single-version-externally-managed install_data
[8.188s] Level 1:colcon.colcon_core.environment:checking '/home/ivan/ros_rover/install/encoder_publisher' for CMake config files
[8.193s] Level 1:colcon.colcon_core.environment:checking '/home/ivan/ros_rover/install/encoder_publisher/lib'
[8.194s] Level 1:colcon.colcon_core.environment:checking '/home/ivan/ros_rover/install/encoder_publisher/bin'
[8.195s] Level 1:colcon.colcon_core.environment:checking '/home/ivan/ros_rover/install/encoder_publisher/lib/pkgconfig/encoder_publisher.pc'
[8.196s] Level 1:colcon.colcon_core.environment:checking '/home/ivan/ros_rover/install/encoder_publisher/lib/python3.10/site-packages'
[8.197s] Level 1:colcon.colcon_core.shell:create_environment_hook('encoder_publisher', 'pythonpath')
[8.198s] INFO:colcon.colcon_core.shell:Creating environment hook '/home/ivan/ros_rover/install/encoder_publisher/share/encoder_publisher/hook/pythonpath.ps1'
[8.202s] INFO:colcon.colcon_core.shell:Creating environment descriptor '/home/ivan/ros_rover/install/encoder_publisher/share/encoder_publisher/hook/pythonpath.dsv'
[8.205s] INFO:colcon.colcon_core.shell:Creating environment hook '/home/ivan/ros_rover/install/encoder_publisher/share/encoder_publisher/hook/pythonpath.sh'
[8.210s] Level 1:colcon.colcon_core.environment:checking '/home/ivan/ros_rover/install/encoder_publisher/bin'
[8.211s] Level 1:colcon.colcon_core.environment:create_environment_scripts_only(encoder_publisher)
[8.213s] INFO:colcon.colcon_core.shell:Creating package script '/home/ivan/ros_rover/install/encoder_publisher/share/encoder_publisher/package.ps1'
[8.217s] INFO:colcon.colcon_core.shell:Creating package descriptor '/home/ivan/ros_rover/install/encoder_publisher/share/encoder_publisher/package.dsv'
[8.220s] INFO:colcon.colcon_core.shell:Creating package script '/home/ivan/ros_rover/install/encoder_publisher/share/encoder_publisher/package.sh'
[8.222s] INFO:colcon.colcon_core.shell:Creating package script '/home/ivan/ros_rover/install/encoder_publisher/share/encoder_publisher/package.bash'
[8.224s] INFO:colcon.colcon_core.shell:Creating package script '/home/ivan/ros_rover/install/encoder_publisher/share/encoder_publisher/package.zsh'
[8.226s] Level 1:colcon.colcon_core.environment:create_file_with_runtime_dependencies(/home/ivan/ros_rover/install/encoder_publisher/share/colcon-core/packages/encoder_publisher)
[8.227s] DEBUG:colcon.colcon_parallel_executor.executor.parallel:closing loop
[8.229s] DEBUG:colcon.colcon_parallel_executor.executor.parallel:loop closed
[8.229s] DEBUG:colcon.colcon_parallel_executor.executor.parallel:run_until_complete finished with '0'
[8.230s] DEBUG:colcon.colcon_core.event_reactor:joining thread
[8.254s] INFO:colcon.colcon_core.plugin_system:Skipping extension 'colcon_notification.desktop_notification.terminal_notifier': Not used on non-Darwin systems
[8.255s] INFO:colcon.colcon_core.plugin_system:Skipping extension 'colcon_notification.desktop_notification.win32': Not used on non-Windows systems
[8.255s] INFO:colcon.colcon_notification.desktop_notification:Sending desktop notification using 'notify2'
[8.302s] DEBUG:colcon.colcon_core.event_reactor:joined thread
[8.303s] INFO:colcon.colcon_core.shell:Creating prefix script '/home/ivan/ros_rover/install/local_setup.ps1'
[8.307s] INFO:colcon.colcon_core.shell:Creating prefix util module '/home/ivan/ros_rover/install/_local_setup_util_ps1.py'
[8.313s] INFO:colcon.colcon_core.shell:Creating prefix chain script '/home/ivan/ros_rover/install/setup.ps1'
[8.318s] INFO:colcon.colcon_core.shell:Creating prefix script '/home/ivan/ros_rover/install/local_setup.sh'
[8.321s] INFO:colcon.colcon_core.shell:Creating prefix util module '/home/ivan/ros_rover/install/_local_setup_util_sh.py'
[8.323s] INFO:colcon.colcon_core.shell:Creating prefix chain script '/home/ivan/ros_rover/install/setup.sh'
[8.328s] INFO:colcon.colcon_core.shell:Creating prefix script '/home/ivan/ros_rover/install/local_setup.bash'
[8.331s] INFO:colcon.colcon_core.shell:Creating prefix chain script '/home/ivan/ros_rover/install/setup.bash'
[8.336s] INFO:colcon.colcon_core.shell:Creating prefix script '/home/ivan/ros_rover/install/local_setup.zsh'
[8.339s] INFO:colcon.colcon_core.shell:Creating prefix chain script '/home/ivan/ros_rover/install/setup.zsh'
