[1.378s] DEBUG:colcon:Command line arguments: ['/usr/bin/colcon', 'build']
[1.378s] DEBUG:colcon:Parsed command line arguments: Namespace(log_base=None, log_level=None, verb_name='build', build_base='build', install_base='install', merge_install=False, symlink_install=False, test_result_base=None, continue_on_error=False, executor='parallel', parallel_workers=4, event_handlers=None, ignore_user_meta=False, metas=['./colcon.meta'], base_paths=['.'], packages_ignore=None, packages_ignore_regex=None, paths=None, packages_up_to=None, packages_up_to_regex=None, packages_above=None, packages_above_and_dependencies=None, packages_above_depth=None, packages_select_by_dep=None, packages_skip_by_dep=None, packages_skip_up_to=None, packages_select_build_failed=False, packages_skip_build_finished=False, packages_select_test_failures=False, packages_skip_test_passed=False, packages_select=None, packages_skip=None, packages_select_regex=None, packages_skip_regex=None, packages_start=None, packages_end=None, allow_overriding=[], cmake_args=None, cmake_target=None, cmake_target_skip_unavailable=False, cmake_clean_cache=False, cmake_clean_first=False, cmake_force_configure=False, ament_cmake_args=None, catkin_cmake_args=None, catkin_skip_building_tests=False, verb_parser=<colcon_defaults.argument_parser.defaults.DefaultArgumentsDecorator object at 0xffffa91d3c70>, verb_extension=<colcon_core.verb.build.BuildVerb object at 0xffffa9348850>, main=<bound method BuildVerb.main of <colcon_core.verb.build.BuildVerb object at 0xffffa9348850>>)
[3.118s] Level 1:colcon.colcon_core.package_discovery:discover_packages(colcon_meta) check parameters
[3.119s] Level 1:colcon.colcon_core.package_discovery:discover_packages(recursive) check parameters
[3.119s] Level 1:colcon.colcon_core.package_discovery:discover_packages(ignore) check parameters
[3.119s] Level 1:colcon.colcon_core.package_discovery:discover_packages(path) check parameters
[3.119s] Level 1:colcon.colcon_core.package_discovery:discover_packages(colcon_meta) discover
[3.120s] Level 1:colcon.colcon_core.package_discovery:discover_packages(recursive) discover
[3.120s] INFO:colcon.colcon_core.package_discovery:Crawling recursively for packages in '/home/ivan/ros_rover'
[3.120s] Level 1:colcon.colcon_core.package_identification:_identify(.) by extensions ['ignore', 'ignore_ament_install']
[3.121s] Level 1:colcon.colcon_core.package_identification:_identify(.) by extension 'ignore'
[3.121s] Level 1:colcon.colcon_core.package_identification:_identify(.) by extension 'ignore_ament_install'
[3.122s] Level 1:colcon.colcon_core.package_identification:_identify(.) by extensions ['colcon_pkg']
[3.122s] Level 1:colcon.colcon_core.package_identification:_identify(.) by extension 'colcon_pkg'
[3.122s] Level 1:colcon.colcon_core.package_identification:_identify(.) by extensions ['colcon_meta']
[3.122s] Level 1:colcon.colcon_core.package_identification:_identify(.) by extension 'colcon_meta'
[3.122s] Level 1:colcon.colcon_core.package_identification:_identify(.) by extensions ['ros']
[3.122s] Level 1:colcon.colcon_core.package_identification:_identify(.) by extension 'ros'
[3.208s] Level 1:colcon.colcon_core.package_identification:_identify(.) by extensions ['cmake', 'python']
[3.208s] Level 1:colcon.colcon_core.package_identification:_identify(.) by extension 'cmake'
[3.209s] Level 1:colcon.colcon_core.package_identification:_identify(.) by extension 'python'
[3.209s] Level 1:colcon.colcon_core.package_identification:_identify(.) by extensions ['python_setup_py']
[3.209s] Level 1:colcon.colcon_core.package_identification:_identify(.) by extension 'python_setup_py'
[3.210s] Level 1:colcon.colcon_core.package_identification:_identify(build) by extensions ['ignore', 'ignore_ament_install']
[3.210s] Level 1:colcon.colcon_core.package_identification:_identify(build) by extension 'ignore'
[3.211s] Level 1:colcon.colcon_core.package_identification:_identify(build) ignored
[3.211s] Level 1:colcon.colcon_core.package_identification:_identify(install) by extensions ['ignore', 'ignore_ament_install']
[3.212s] Level 1:colcon.colcon_core.package_identification:_identify(install) by extension 'ignore'
[3.212s] Level 1:colcon.colcon_core.package_identification:_identify(install) ignored
[3.213s] Level 1:colcon.colcon_core.package_identification:_identify(log) by extensions ['ignore', 'ignore_ament_install']
[3.213s] Level 1:colcon.colcon_core.package_identification:_identify(log) by extension 'ignore'
[3.214s] Level 1:colcon.colcon_core.package_identification:_identify(log) ignored
[3.214s] Level 1:colcon.colcon_core.package_identification:_identify(src) by extensions ['ignore', 'ignore_ament_install']
[3.215s] Level 1:colcon.colcon_core.package_identification:_identify(src) by extension 'ignore'
[3.215s] Level 1:colcon.colcon_core.package_identification:_identify(src) by extension 'ignore_ament_install'
[3.216s] Level 1:colcon.colcon_core.package_identification:_identify(src) by extensions ['colcon_pkg']
[3.216s] Level 1:colcon.colcon_core.package_identification:_identify(src) by extension 'colcon_pkg'
[3.216s] Level 1:colcon.colcon_core.package_identification:_identify(src) by extensions ['colcon_meta']
[3.216s] Level 1:colcon.colcon_core.package_identification:_identify(src) by extension 'colcon_meta'
[3.217s] Level 1:colcon.colcon_core.package_identification:_identify(src) by extensions ['ros']
[3.217s] Level 1:colcon.colcon_core.package_identification:_identify(src) by extension 'ros'
[3.217s] Level 1:colcon.colcon_core.package_identification:_identify(src) by extensions ['cmake', 'python']
[3.217s] Level 1:colcon.colcon_core.package_identification:_identify(src) by extension 'cmake'
[3.218s] Level 1:colcon.colcon_core.package_identification:_identify(src) by extension 'python'
[3.218s] Level 1:colcon.colcon_core.package_identification:_identify(src) by extensions ['python_setup_py']
[3.218s] Level 1:colcon.colcon_core.package_identification:_identify(src) by extension 'python_setup_py'
[3.219s] Level 1:colcon.colcon_core.package_identification:_identify(src/encoder_publisher) by extensions ['ignore', 'ignore_ament_install']
[3.220s] Level 1:colcon.colcon_core.package_identification:_identify(src/encoder_publisher) by extension 'ignore'
[3.220s] Level 1:colcon.colcon_core.package_identification:_identify(src/encoder_publisher) by extension 'ignore_ament_install'
[3.221s] Level 1:colcon.colcon_core.package_identification:_identify(src/encoder_publisher) by extensions ['colcon_pkg']
[3.221s] Level 1:colcon.colcon_core.package_identification:_identify(src/encoder_publisher) by extension 'colcon_pkg'
[3.221s] Level 1:colcon.colcon_core.package_identification:_identify(src/encoder_publisher) by extensions ['colcon_meta']
[3.221s] Level 1:colcon.colcon_core.package_identification:_identify(src/encoder_publisher) by extension 'colcon_meta'
[3.222s] Level 1:colcon.colcon_core.package_identification:_identify(src/encoder_publisher) by extensions ['ros']
[3.222s] Level 1:colcon.colcon_core.package_identification:_identify(src/encoder_publisher) by extension 'ros'
[3.238s] DEBUG:colcon.colcon_core.package_identification:Package 'src/encoder_publisher' with type 'ros.ament_python' and name 'encoder_publisher'
[3.238s] Level 1:colcon.colcon_core.package_discovery:discover_packages(recursive) using defaults
[3.239s] Level 1:colcon.colcon_core.package_discovery:discover_packages(ignore) discover
[3.239s] Level 1:colcon.colcon_core.package_discovery:discover_packages(ignore) using defaults
[3.239s] Level 1:colcon.colcon_core.package_discovery:discover_packages(path) discover
[3.239s] Level 1:colcon.colcon_core.package_discovery:discover_packages(path) using defaults
[3.373s] Level 1:colcon.colcon_core.package_discovery:discover_packages(prefix_path) check parameters
[3.373s] Level 1:colcon.colcon_core.package_discovery:discover_packages(prefix_path) discover
[3.396s] DEBUG:colcon.colcon_installed_package_information.package_discovery:Found 268 installed packages in /opt/ros/humble
[3.404s] Level 1:colcon.colcon_core.package_discovery:discover_packages(prefix_path) using defaults
[3.737s] Level 5:colcon.colcon_core.verb:set package 'encoder_publisher' build argument 'cmake_args' from command line to 'None'
[3.738s] Level 5:colcon.colcon_core.verb:set package 'encoder_publisher' build argument 'cmake_target' from command line to 'None'
[3.738s] Level 5:colcon.colcon_core.verb:set package 'encoder_publisher' build argument 'cmake_target_skip_unavailable' from command line to 'False'
[3.738s] Level 5:colcon.colcon_core.verb:set package 'encoder_publisher' build argument 'cmake_clean_cache' from command line to 'False'
[3.738s] Level 5:colcon.colcon_core.verb:set package 'encoder_publisher' build argument 'cmake_clean_first' from command line to 'False'
[3.739s] Level 5:colcon.colcon_core.verb:set package 'encoder_publisher' build argument 'cmake_force_configure' from command line to 'False'
[3.739s] Level 5:colcon.colcon_core.verb:set package 'encoder_publisher' build argument 'ament_cmake_args' from command line to 'None'
[3.739s] Level 5:colcon.colcon_core.verb:set package 'encoder_publisher' build argument 'catkin_cmake_args' from command line to 'None'
[3.740s] Level 5:colcon.colcon_core.verb:set package 'encoder_publisher' build argument 'catkin_skip_building_tests' from command line to 'False'
[3.740s] DEBUG:colcon.colcon_core.verb:Building package 'encoder_publisher' with the following arguments: {'ament_cmake_args': None, 'build_base': '/home/ivan/ros_rover/build/encoder_publisher', 'catkin_cmake_args': None, 'catkin_skip_building_tests': False, 'cmake_args': None, 'cmake_clean_cache': False, 'cmake_clean_first': False, 'cmake_force_configure': False, 'cmake_target': None, 'cmake_target_skip_unavailable': False, 'install_base': '/home/ivan/ros_rover/install/encoder_publisher', 'merge_install': False, 'path': '/home/ivan/ros_rover/src/encoder_publisher', 'symlink_install': False, 'test_result_base': None}
[3.741s] INFO:colcon.colcon_core.executor:Executing jobs using 'parallel' executor
[3.745s] DEBUG:colcon.colcon_parallel_executor.executor.parallel:run_until_complete
[3.747s] INFO:colcon.colcon_ros.task.ament_python.build:Building ROS package in '/home/ivan/ros_rover/src/encoder_publisher' with build type 'ament_python'
[3.748s] Level 1:colcon.colcon_core.shell:create_environment_hook('encoder_publisher', 'ament_prefix_path')
[3.767s] INFO:colcon.colcon_core.plugin_system:Skipping extension 'colcon_core.shell.bat': Not used on non-Windows systems
[3.769s] INFO:colcon.colcon_core.shell:Creating environment hook '/home/ivan/ros_rover/install/encoder_publisher/share/encoder_publisher/hook/ament_prefix_path.ps1'
[3.774s] INFO:colcon.colcon_core.shell:Creating environment descriptor '/home/ivan/ros_rover/install/encoder_publisher/share/encoder_publisher/hook/ament_prefix_path.dsv'
[3.778s] INFO:colcon.colcon_core.shell:Creating environment hook '/home/ivan/ros_rover/install/encoder_publisher/share/encoder_publisher/hook/ament_prefix_path.sh'
[3.783s] INFO:colcon.colcon_core.shell:Skip shell extension 'powershell' for command environment: Not usable outside of PowerShell
[3.783s] DEBUG:colcon.colcon_core.shell:Skip shell extension 'dsv' for command environment
[5.497s] INFO:colcon.colcon_core.task.python.build:Building Python package in '/home/ivan/ros_rover/src/encoder_publisher'
[5.498s] INFO:colcon.colcon_core.shell:Skip shell extension 'powershell' for command environment: Not usable outside of PowerShell
[5.498s] DEBUG:colcon.colcon_core.shell:Skip shell extension 'dsv' for command environment
[7.285s] DEBUG:colcon.colcon_core.event_handler.log_command:Invoking command in '/home/ivan/ros_rover/src/encoder_publisher': PYTHONPATH=/home/ivan/ros_rover/build/encoder_publisher/prefix_override:/home/ivan/ros_rover/install/encoder_publisher/lib/python3.10/site-packages:${PYTHONPATH} /usr/bin/python3 -W ignore:setup.py install is deprecated setup.py egg_info --egg-base ../../build/encoder_publisher build --build-base /home/ivan/ros_rover/build/encoder_publisher/build install --record /home/ivan/ros_rover/build/encoder_publisher/install.log --single-version-externally-managed install_data
[8.783s] DEBUG:colcon.colcon_core.event_handler.log_command:Invoked command in '/home/ivan/ros_rover/src/encoder_publisher' returned '0': PYTHONPATH=/home/ivan/ros_rover/build/encoder_publisher/prefix_override:/home/ivan/ros_rover/install/encoder_publisher/lib/python3.10/site-packages:${PYTHONPATH} /usr/bin/python3 -W ignore:setup.py install is deprecated setup.py egg_info --egg-base ../../build/encoder_publisher build --build-base /home/ivan/ros_rover/build/encoder_publisher/build install --record /home/ivan/ros_rover/build/encoder_publisher/install.log --single-version-externally-managed install_data
[8.804s] Level 1:colcon.colcon_core.environment:checking '/home/ivan/ros_rover/install/encoder_publisher' for CMake module files
[8.807s] Level 1:colcon.colcon_core.environment:checking '/home/ivan/ros_rover/install/encoder_publisher' for CMake config files
[8.812s] Level 1:colcon.colcon_core.environment:checking '/home/ivan/ros_rover/install/encoder_publisher/lib'
[8.813s] Level 1:colcon.colcon_core.environment:checking '/home/ivan/ros_rover/install/encoder_publisher/bin'
[8.813s] Level 1:colcon.colcon_core.environment:checking '/home/ivan/ros_rover/install/encoder_publisher/lib/pkgconfig/encoder_publisher.pc'
[8.814s] Level 1:colcon.colcon_core.environment:checking '/home/ivan/ros_rover/install/encoder_publisher/lib/python3.10/site-packages'
[8.815s] Level 1:colcon.colcon_core.shell:create_environment_hook('encoder_publisher', 'pythonpath')
[8.816s] INFO:colcon.colcon_core.shell:Creating environment hook '/home/ivan/ros_rover/install/encoder_publisher/share/encoder_publisher/hook/pythonpath.ps1'
[8.818s] INFO:colcon.colcon_core.shell:Creating environment descriptor '/home/ivan/ros_rover/install/encoder_publisher/share/encoder_publisher/hook/pythonpath.dsv'
[8.820s] INFO:colcon.colcon_core.shell:Creating environment hook '/home/ivan/ros_rover/install/encoder_publisher/share/encoder_publisher/hook/pythonpath.sh'
[8.823s] Level 1:colcon.colcon_core.environment:checking '/home/ivan/ros_rover/install/encoder_publisher/bin'
[8.823s] Level 1:colcon.colcon_core.environment:create_environment_scripts_only(encoder_publisher)
[8.824s] INFO:colcon.colcon_core.shell:Creating package script '/home/ivan/ros_rover/install/encoder_publisher/share/encoder_publisher/package.ps1'
[8.829s] INFO:colcon.colcon_core.shell:Creating package descriptor '/home/ivan/ros_rover/install/encoder_publisher/share/encoder_publisher/package.dsv'
[8.833s] INFO:colcon.colcon_core.shell:Creating package script '/home/ivan/ros_rover/install/encoder_publisher/share/encoder_publisher/package.sh'
[8.838s] INFO:colcon.colcon_core.shell:Creating package script '/home/ivan/ros_rover/install/encoder_publisher/share/encoder_publisher/package.bash'
[8.843s] INFO:colcon.colcon_core.shell:Creating package script '/home/ivan/ros_rover/install/encoder_publisher/share/encoder_publisher/package.zsh'
[8.847s] Level 1:colcon.colcon_core.environment:create_file_with_runtime_dependencies(/home/ivan/ros_rover/install/encoder_publisher/share/colcon-core/packages/encoder_publisher)
[8.849s] DEBUG:colcon.colcon_parallel_executor.executor.parallel:closing loop
[8.851s] DEBUG:colcon.colcon_parallel_executor.executor.parallel:loop closed
[8.851s] DEBUG:colcon.colcon_parallel_executor.executor.parallel:run_until_complete finished with '0'
[8.852s] DEBUG:colcon.colcon_core.event_reactor:joining thread
[8.880s] INFO:colcon.colcon_core.plugin_system:Skipping extension 'colcon_notification.desktop_notification.terminal_notifier': Not used on non-Darwin systems
[8.881s] INFO:colcon.colcon_core.plugin_system:Skipping extension 'colcon_notification.desktop_notification.win32': Not used on non-Windows systems
[8.881s] INFO:colcon.colcon_notification.desktop_notification:Sending desktop notification using 'notify2'
[8.953s] DEBUG:colcon.colcon_core.event_reactor:joined thread
[8.954s] INFO:colcon.colcon_core.shell:Creating prefix script '/home/ivan/ros_rover/install/local_setup.ps1'
[8.959s] INFO:colcon.colcon_core.shell:Creating prefix util module '/home/ivan/ros_rover/install/_local_setup_util_ps1.py'
[8.967s] INFO:colcon.colcon_core.shell:Creating prefix chain script '/home/ivan/ros_rover/install/setup.ps1'
[8.974s] INFO:colcon.colcon_core.shell:Creating prefix script '/home/ivan/ros_rover/install/local_setup.sh'
[8.978s] INFO:colcon.colcon_core.shell:Creating prefix util module '/home/ivan/ros_rover/install/_local_setup_util_sh.py'
[8.981s] INFO:colcon.colcon_core.shell:Creating prefix chain script '/home/ivan/ros_rover/install/setup.sh'
[8.987s] INFO:colcon.colcon_core.shell:Creating prefix script '/home/ivan/ros_rover/install/local_setup.bash'
[8.991s] INFO:colcon.colcon_core.shell:Creating prefix chain script '/home/ivan/ros_rover/install/setup.bash'
[8.996s] INFO:colcon.colcon_core.shell:Creating prefix script '/home/ivan/ros_rover/install/local_setup.zsh'
[8.999s] INFO:colcon.colcon_core.shell:Creating prefix chain script '/home/ivan/ros_rover/install/setup.zsh'
