running egg_info
writing ../../build/encoder_publisher/encoder_publisher.egg-info/PKG-INFO
writing dependency_links to ../../build/encoder_publisher/encoder_publisher.egg-info/dependency_links.txt
writing entry points to ../../build/encoder_publisher/encoder_publisher.egg-info/entry_points.txt
writing requirements to ../../build/encoder_publisher/encoder_publisher.egg-info/requires.txt
writing top-level names to ../../build/encoder_publisher/encoder_publisher.egg-info/top_level.txt
reading manifest file '../../build/encoder_publisher/encoder_publisher.egg-info/SOURCES.txt'
writing manifest file '../../build/encoder_publisher/encoder_publisher.egg-info/SOURCES.txt'
running build
running build_py
copying encoder_publisher/encoder_publisher.py -> /home/ivan/ros_rover/build/encoder_publisher/build/lib/encoder_publisher
running install
running install_lib
copying /home/ivan/ros_rover/build/encoder_publisher/build/lib/encoder_publisher/encoder_publisher.py -> /home/ivan/ros_rover/install/encoder_publisher/lib/python3.10/site-packages/encoder_publisher
byte-compiling /home/ivan/ros_rover/install/encoder_publisher/lib/python3.10/site-packages/encoder_publisher/encoder_publisher.py to encoder_publisher.cpython-310.pyc
running install_data
running install_egg_info
removing '/home/ivan/ros_rover/install/encoder_publisher/lib/python3.10/site-packages/encoder_publisher-0.0.0-py3.10.egg-info' (and everything under it)
Copying ../../build/encoder_publisher/encoder_publisher.egg-info to /home/ivan/ros_rover/install/encoder_publisher/lib/python3.10/site-packages/encoder_publisher-0.0.0-py3.10.egg-info
running install_scripts
Installing encoder_publisher script to /home/ivan/ros_rover/install/encoder_publisher/lib/encoder_publisher
writing list of installed files to '/home/ivan/ros_rover/build/encoder_publisher/install.log'
