running egg_info
creating ../../build/encoder_publisher/encoder_publisher.egg-info
writing ../../build/encoder_publisher/encoder_publisher.egg-info/PKG-INFO
writing dependency_links to ../../build/encoder_publisher/encoder_publisher.egg-info/dependency_links.txt
writing entry points to ../../build/encoder_publisher/encoder_publisher.egg-info/entry_points.txt
writing requirements to ../../build/encoder_publisher/encoder_publisher.egg-info/requires.txt
writing top-level names to ../../build/encoder_publisher/encoder_publisher.egg-info/top_level.txt
writing manifest file '../../build/encoder_publisher/encoder_publisher.egg-info/SOURCES.txt'
reading manifest file '../../build/encoder_publisher/encoder_publisher.egg-info/SOURCES.txt'
writing manifest file '../../build/encoder_publisher/encoder_publisher.egg-info/SOURCES.txt'
running build
running build_py
creating /home/ivan/ros_rover/build/encoder_publisher/build
creating /home/ivan/ros_rover/build/encoder_publisher/build/lib
creating /home/ivan/ros_rover/build/encoder_publisher/build/lib/encoder_publisher
copying encoder_publisher/encoder_publisher.py -> /home/ivan/ros_rover/build/encoder_publisher/build/lib/encoder_publisher
copying encoder_publisher/__init__.py -> /home/ivan/ros_rover/build/encoder_publisher/build/lib/encoder_publisher
running install
running install_lib
creating /home/ivan/ros_rover/install/encoder_publisher/lib/python3.10/site-packages/encoder_publisher
copying /home/ivan/ros_rover/build/encoder_publisher/build/lib/encoder_publisher/encoder_publisher.py -> /home/ivan/ros_rover/install/encoder_publisher/lib/python3.10/site-packages/encoder_publisher
copying /home/ivan/ros_rover/build/encoder_publisher/build/lib/encoder_publisher/__init__.py -> /home/ivan/ros_rover/install/encoder_publisher/lib/python3.10/site-packages/encoder_publisher
byte-compiling /home/ivan/ros_rover/install/encoder_publisher/lib/python3.10/site-packages/encoder_publisher/encoder_publisher.py to encoder_publisher.cpython-310.pyc
byte-compiling /home/ivan/ros_rover/install/encoder_publisher/lib/python3.10/site-packages/encoder_publisher/__init__.py to __init__.cpython-310.pyc
running install_data
creating /home/ivan/ros_rover/install/encoder_publisher/share/ament_index
creating /home/ivan/ros_rover/install/encoder_publisher/share/ament_index/resource_index
creating /home/ivan/ros_rover/install/encoder_publisher/share/ament_index/resource_index/packages
copying resource/encoder_publisher -> /home/ivan/ros_rover/install/encoder_publisher/share/ament_index/resource_index/packages
copying package.xml -> /home/ivan/ros_rover/install/encoder_publisher/share/encoder_publisher
running install_egg_info
Copying ../../build/encoder_publisher/encoder_publisher.egg-info to /home/ivan/ros_rover/install/encoder_publisher/lib/python3.10/site-packages/encoder_publisher-0.0.0-py3.10.egg-info
running install_scripts
Installing encoder_publisher script to /home/ivan/ros_rover/install/encoder_publisher/lib/encoder_publisher
writing list of installed files to '/home/ivan/ros_rover/build/encoder_publisher/install.log'
