[3.099s] Invoking command in '/home/ivan/ros_rover/src/encoder_publisher': PYTHONPATH=/home/ivan/ros_rover/build/encoder_publisher/prefix_override:/home/ivan/ros_rover/install/encoder_publisher/lib/python3.10/site-packages:${PYTHONPATH} /usr/bin/python3 -W ignore:setup.py install is deprecated setup.py egg_info --egg-base ../../build/encoder_publisher build --build-base /home/ivan/ros_rover/build/encoder_publisher/build install --record /home/ivan/ros_rover/build/encoder_publisher/install.log --single-version-externally-managed install_data
[4.279s] running egg_info
[4.281s] creating ../../build/encoder_publisher/encoder_publisher.egg-info
[4.282s] writing ../../build/encoder_publisher/encoder_publisher.egg-info/PKG-INFO
[4.283s] writing dependency_links to ../../build/encoder_publisher/encoder_publisher.egg-info/dependency_links.txt
[4.284s] writing entry points to ../../build/encoder_publisher/encoder_publisher.egg-info/entry_points.txt
[4.285s] writing requirements to ../../build/encoder_publisher/encoder_publisher.egg-info/requires.txt
[4.285s] writing top-level names to ../../build/encoder_publisher/encoder_publisher.egg-info/top_level.txt
[4.286s] writing manifest file '../../build/encoder_publisher/encoder_publisher.egg-info/SOURCES.txt'
[4.295s] reading manifest file '../../build/encoder_publisher/encoder_publisher.egg-info/SOURCES.txt'
[4.298s] writing manifest file '../../build/encoder_publisher/encoder_publisher.egg-info/SOURCES.txt'
[4.299s] running build
[4.300s] running build_py
[4.300s] creating /home/ivan/ros_rover/build/encoder_publisher/build
[4.301s] creating /home/ivan/ros_rover/build/encoder_publisher/build/lib
[4.301s] creating /home/ivan/ros_rover/build/encoder_publisher/build/lib/encoder_publisher
[4.302s] copying encoder_publisher/encoder_publisher.py -> /home/ivan/ros_rover/build/encoder_publisher/build/lib/encoder_publisher
[4.302s] copying encoder_publisher/__init__.py -> /home/ivan/ros_rover/build/encoder_publisher/build/lib/encoder_publisher
[4.303s] running install
[4.304s] running install_lib
[4.307s] creating /home/ivan/ros_rover/install/encoder_publisher/lib/python3.10/site-packages/encoder_publisher
[4.308s] copying /home/ivan/ros_rover/build/encoder_publisher/build/lib/encoder_publisher/encoder_publisher.py -> /home/ivan/ros_rover/install/encoder_publisher/lib/python3.10/site-packages/encoder_publisher
[4.309s] copying /home/ivan/ros_rover/build/encoder_publisher/build/lib/encoder_publisher/__init__.py -> /home/ivan/ros_rover/install/encoder_publisher/lib/python3.10/site-packages/encoder_publisher
[4.311s] byte-compiling /home/ivan/ros_rover/install/encoder_publisher/lib/python3.10/site-packages/encoder_publisher/encoder_publisher.py to encoder_publisher.cpython-310.pyc
[4.315s] byte-compiling /home/ivan/ros_rover/install/encoder_publisher/lib/python3.10/site-packages/encoder_publisher/__init__.py to __init__.cpython-310.pyc
[4.316s] running install_data
[4.316s] creating /home/ivan/ros_rover/install/encoder_publisher/share/ament_index
[4.317s] creating /home/ivan/ros_rover/install/encoder_publisher/share/ament_index/resource_index
[4.317s] creating /home/ivan/ros_rover/install/encoder_publisher/share/ament_index/resource_index/packages
[4.318s] copying resource/encoder_publisher -> /home/ivan/ros_rover/install/encoder_publisher/share/ament_index/resource_index/packages
[4.319s] copying package.xml -> /home/ivan/ros_rover/install/encoder_publisher/share/encoder_publisher
[4.319s] running install_egg_info
[4.327s] Copying ../../build/encoder_publisher/encoder_publisher.egg-info to /home/ivan/ros_rover/install/encoder_publisher/lib/python3.10/site-packages/encoder_publisher-0.0.0-py3.10.egg-info
[4.334s] running install_scripts
[4.423s] Installing encoder_publisher script to /home/ivan/ros_rover/install/encoder_publisher/lib/encoder_publisher
[4.424s] writing list of installed files to '/home/ivan/ros_rover/build/encoder_publisher/install.log'
[4.548s] Invoked command in '/home/ivan/ros_rover/src/encoder_publisher' returned '0': PYTHONPATH=/home/ivan/ros_rover/build/encoder_publisher/prefix_override:/home/ivan/ros_rover/install/encoder_publisher/lib/python3.10/site-packages:${PYTHONPATH} /usr/bin/python3 -W ignore:setup.py install is deprecated setup.py egg_info --egg-base ../../build/encoder_publisher build --build-base /home/ivan/ros_rover/build/encoder_publisher/build install --record /home/ivan/ros_rover/build/encoder_publisher/install.log --single-version-externally-managed install_data
