[3.536s] Invoking command in '/home/ivan/ros_rover/src/encoder_publisher': PYTHONPATH=/home/ivan/ros_rover/build/encoder_publisher/prefix_override:/home/ivan/ros_rover/install/encoder_publisher/lib/python3.10/site-packages:${PYTHONPATH} /usr/bin/python3 -W ignore:setup.py install is deprecated setup.py egg_info --egg-base ../../build/encoder_publisher build --build-base /home/ivan/ros_rover/build/encoder_publisher/build install --record /home/ivan/ros_rover/build/encoder_publisher/install.log --single-version-externally-managed install_data
[4.757s] running egg_info
[4.761s] writing ../../build/encoder_publisher/encoder_publisher.egg-info/PKG-INFO
[4.762s] writing dependency_links to ../../build/encoder_publisher/encoder_publisher.egg-info/dependency_links.txt
[4.765s] writing entry points to ../../build/encoder_publisher/encoder_publisher.egg-info/entry_points.txt
[4.766s] writing requirements to ../../build/encoder_publisher/encoder_publisher.egg-info/requires.txt
[4.766s] writing top-level names to ../../build/encoder_publisher/encoder_publisher.egg-info/top_level.txt
[4.776s] reading manifest file '../../build/encoder_publisher/encoder_publisher.egg-info/SOURCES.txt'
[4.782s] writing manifest file '../../build/encoder_publisher/encoder_publisher.egg-info/SOURCES.txt'
[4.784s] running build
[4.784s] running build_py
[4.785s] running install
[4.786s] running install_lib
[4.793s] running install_data
[4.794s] running install_egg_info
[4.802s] removing '/home/ivan/ros_rover/install/encoder_publisher/lib/python3.10/site-packages/encoder_publisher-0.0.0-py3.10.egg-info' (and everything under it)
[4.804s] Copying ../../build/encoder_publisher/encoder_publisher.egg-info to /home/ivan/ros_rover/install/encoder_publisher/lib/python3.10/site-packages/encoder_publisher-0.0.0-py3.10.egg-info
[4.813s] running install_scripts
[4.910s] Installing encoder_publisher script to /home/ivan/ros_rover/install/encoder_publisher/lib/encoder_publisher
[4.912s] writing list of installed files to '/home/ivan/ros_rover/build/encoder_publisher/install.log'
[5.033s] Invoked command in '/home/ivan/ros_rover/src/encoder_publisher' returned '0': PYTHONPATH=/home/ivan/ros_rover/build/encoder_publisher/prefix_override:/home/ivan/ros_rover/install/encoder_publisher/lib/python3.10/site-packages:${PYTHONPATH} /usr/bin/python3 -W ignore:setup.py install is deprecated setup.py egg_info --egg-base ../../build/encoder_publisher build --build-base /home/ivan/ros_rover/build/encoder_publisher/build install --record /home/ivan/ros_rover/build/encoder_publisher/install.log --single-version-externally-managed install_data
